<?xml version="1.0" encoding="UTF-8"?>
<testsuite name="calctest.TestCalc" tests="1" skipped="0" failures="0" errors="0" timestamp="2021-06-17T09:34:12" hostname="arch" time="0.056">
  <properties/>
  <testcase name="checkAdding()" classname="calctest.TestCalc" time="0.056"/>
  <system-out><![CDATA[]]></system-out>
  <system-err><![CDATA[]]></system-err>
</testsuite>
